\BOOKMARK [1][-]{section.1}{\376\377\000A\000b\000r\000\351\000v\000i\000a\000t\000i\000o\000n\000s}{}% 1
\BOOKMARK [1][-]{section.2}{\376\377\000D\000\351\000d\000i\000c\000a\000c\000e\000s}{}% 2
\BOOKMARK [1][-]{section.3}{\376\377\000R\000e\000m\000e\000r\000c\000i\000e\000m\000e\000n\000t\000s}{}% 3
\BOOKMARK [1][-]{section.4}{\376\377\000I\000n\000t\000r\000o\000d\000u\000c\000t\000i\000o\000n\000\040\000g\000\351\000n\000\351\000r\000a\000l\000e}{}% 4
\BOOKMARK [1][-]{section.5}{\376\377\000A\000n\000a\000l\000y\000s\000e\000\040\000e\000t\000\040\000c\000o\000n\000c\000e\000p\000t\000i\000o\000n}{}% 5
\BOOKMARK [2][-]{subsection.5.1}{\376\377\000L\040\031\000a\000n\000a\000l\000y\000s\000e\000\040\000d\000e\000\040\000l\040\031\000e\000x\000i\000s\000t\000a\000n\000t}{section.5}% 6
\BOOKMARK [3][-]{subsubsection.5.1.1}{\376\377\000A\000n\000a\000l\000y\000s\000e\000\040\000d\000e\000\040\000l\000'\000a\000p\000p\000l\000i\000c\000a\000t\000i\000o\000n\000\040\000M\000o\000n\000d\000l\000y\000A\000R\000\040\000p\000o\000u\000r\000\040\000A\000n\000d\000r\000o\000i\000d}{subsection.5.1}% 7
\BOOKMARK [3][-]{subsubsection.5.1.2}{\376\377\000A\000n\000a\000l\000y\000s\000e\000\040\000f\000o\000n\000c\000t\000i\000o\000n\000n\000e\000l\000l\000e}{subsection.5.1}% 8
\BOOKMARK [2][-]{subsection.5.2}{\376\377\000C\000o\000n\000c\000l\000u\000s\000i\000o\000n}{section.5}% 9
\BOOKMARK [2][-]{subsection.5.3}{\376\377\000C\000o\000n\000c\000e\000p\000t\000i\000o\000n\000\040\000e\000t\000\040\000m\000o\000d\000\351\000l\000i\000s\000a\000t\000i\000o\000n\000\040\000d\000'\000a\000p\000p\000l\000i\000c\000a\000t\000i\000o\000n}{section.5}% 10
\BOOKMARK [3][-]{subsubsection.5.3.1}{\376\377\000C\000o\000n\000c\000e\000p\000t\000i\000o\000n\000\040\000g\000r\000a\000p\000h\000i\000q\000u\000e}{subsection.5.3}% 11
\BOOKMARK [3][-]{subsubsection.5.3.2}{\376\377\000M\000o\000d\000e\000l\000i\000s\000a\000t\000i\000o\000n\000\040\000g\000r\000a\000p\000h\000i\000q\000u\000e}{subsection.5.3}% 12
\BOOKMARK [3][-]{subsubsection.5.3.3}{\376\377\000L\000e\000s\000\040\000d\000i\000a\000g\000r\000a\000m\000m\000e\000s}{subsection.5.3}% 13
\BOOKMARK [3][-]{subsubsection.5.3.4}{\376\377\000L\000a\000n\000g\000a\000g\000e\000\040\000U\000M\000L}{subsection.5.3}% 14
\BOOKMARK [3][-]{subsubsection.5.3.5}{\376\377\000D\000i\000a\000g\000r\000a\000m\000m\000e\000\040\000d\000e\000\040\000c\000a\000s\000\040\000d\000'\000u\000t\000i\000l\000i\000s\000a\000t\000i\000o\000n}{subsection.5.3}% 15
\BOOKMARK [3][-]{subsubsection.5.3.6}{\376\377\000D\000i\000a\000g\000r\000a\000m\000m\000e\000\040\000d\000e\000\040\000s\000\351\000q\000u\000e\000n\000c\000e}{subsection.5.3}% 16
\BOOKMARK [3][-]{subsubsection.5.3.7}{\376\377\000D\000i\000a\000g\000r\000a\000m\000m\000e\000\040\000d\000e\000\040\000c\000l\000a\000s\000s\000e\000s}{subsection.5.3}% 17
\BOOKMARK [1][-]{section.6}{\376\377\000O\000u\000t\000i\000l\000s\000\040\000e\000t\000\040\000e\000n\000v\000i\000r\000o\000n\000n\000e\000m\000e\000n\000t\000\040\000d\000e\000\040\000d\000\351\000v\000e\000l\000o\000p\000p\000e\000m\000e\000n\000t}{}% 18
\BOOKMARK [2][-]{subsection.6.1}{\376\377\000U\000n\000i\000t\000y}{section.6}% 19
\BOOKMARK [2][-]{subsection.6.2}{\376\377\000V\000i\000s\000u\000a\000l\000\040\000S\000t\000u\000d\000i\000o}{section.6}% 20
\BOOKMARK [2][-]{subsection.6.3}{\376\377\000D\000o\000t\000N\000e\000t\000.\000N\000E\000T\000\040\000F\000r\000a\000m\000e\000w\000o\000r\000k}{section.6}% 21
\BOOKMARK [2][-]{subsection.6.4}{\376\377\000A\000n\000d\000r\000o\000i\000d\000\040\000t\000o\000o\000l\000s}{section.6}% 22
\BOOKMARK [2][-]{subsection.6.5}{\376\377\000A\000R\000C\000o\000r\000e}{section.6}% 23
\BOOKMARK [2][-]{subsection.6.6}{\376\377\000B\000l\000e\000n\000d\000e\000r}{section.6}% 24
\BOOKMARK [2][-]{subsection.6.7}{\376\377\000A\000d\000o\000b\000e\000\040\000A\000u\000d\000i\000t\000i\000o\000n}{section.6}% 25
\BOOKMARK [2][-]{subsection.6.8}{\376\377\000A\000d\000o\000b\000e\000\040\000P\000h\000o\000t\000o\000s\000h\000o\000p}{section.6}% 26
\BOOKMARK [2][-]{subsection.6.9}{\376\377\000S\000t\000a\000r\000U\000M\000L}{section.6}% 27
\BOOKMARK [2][-]{subsection.6.10}{\376\377\000I\000L\0002\000C\000P\000P}{section.6}% 28
\BOOKMARK [1][-]{section.7}{\376\377\000P\000r\000\351\000s\000e\000n\000t\000a\000t\000i\000o\000n\000\040\000d\000e\000\040\000r\000\351\000a\000l\000i\000s\000a\000t\000i\000o\000n}{}% 29
\BOOKMARK [1][-]{section.8}{\376\377\000C\000o\000n\000c\000l\000u\000s\000i\000o\000n\000\040\000g\000\351\000n\000\351\000r\000a\000l\000e}{}% 30
\BOOKMARK [1][-]{section.9}{\376\377\000R\000\351\000f\000\351\000r\000e\000n\000c\000e}{}% 31
\BOOKMARK [2][-]{subsection.9.1}{\376\377\000B\000i\000b\000l\000i\000o\000g\000r\000a\000p\000h\000i\000e}{section.9}% 32
\BOOKMARK [2][-]{subsection.9.2}{\376\377\000W\000e\000b\000o\000g\000r\000a\000p\000h\000i\000e}{section.9}% 33
