This is pdfTeX, Version 3.141592653-2.6-1.40.24 (MiKTeX 22.3) (preloaded format=pdflatex 2022.5.4)  10 JUN 2022 01:21
entering extended mode
 restricted \write18 enabled.
 %&-line parsing enabled.
**./rapport.tex
(rapport.tex
LaTeX2e <2021-11-15> patch level 1
L3 programming layer <2022-02-24>
(C:\Users\ISIS_666\AppData\Local\Programs\MiKTeX\tex/latex/base\article.cls
Document Class: article 2021/10/04 v1.4n Standard LaTeX document class
(C:\Users\ISIS_666\AppData\Local\Programs\MiKTeX\tex/latex/base\size12.clo
File: size12.clo 2021/10/04 v1.4n Standard LaTeX file (size option)
)
\c@part=\count185
\c@section=\count186
\c@subsection=\count187
\c@subsubsection=\count188
\c@paragraph=\count189
\c@subparagraph=\count190
\c@figure=\count191
\c@table=\count192
\abovecaptionskip=\skip47
\belowcaptionskip=\skip48
\bibindent=\dimen138
)
(C:\Users\ISIS_666\AppData\Local\Programs\MiKTeX\tex/generic/babel\babel.sty
Package: babel 2022/02/26 3.73 The Babel package
\babel@savecnt=\count193
\U@D=\dimen139
\l@unhyphenated=\language79

(C:\Users\ISIS_666\AppData\Local\Programs\MiKTeX\tex/generic/babel\txtbabel.def
)
\bbl@readstream=\read2
\bbl@dirlevel=\count194

*************************************
* Local config file bblopts.cfg used
*
(C:\Users\ISIS_666\AppData\Local\Programs\MiKTeX\tex/latex/arabi\bblopts.cfg
File: bblopts.cfg 2005/09/08 v0.1 add Arabic and Farsi to "declared" options of
 babel
)
(C:\Users\ISIS_666\AppData\Local\Programs\MiKTeX\tex/generic/babel-french\frenc
h.ldf
Language: french 2022/04/18 v3.5n French support from the babel system
Package babel Info: Hyphen rules for 'acadian' set to \l@french
(babel)             (\language22). Reported on input line 91.
Package babel Info: Hyphen rules for 'canadien' set to \l@french
(babel)             (\language22). Reported on input line 92.
\FB@nonchar=\count195
Package babel Info: Making : an active character on input line 430.
Package babel Info: Making ; an active character on input line 431.
Package babel Info: Making ! an active character on input line 432.
Package babel Info: Making ? an active character on input line 433.
\FBguill@level=\count196
\FBold@everypar=\toks16
\FB@Mht=\dimen140
\mc@charclass=\count197
\mc@charfam=\count198
\mc@charslot=\count199
\std@mcc=\count266
\dec@mcc=\count267
\listindentFB=\dimen141
\descindentFB=\dimen142
\labelindentFB=\dimen143
\labelwidthFB=\dimen144
\leftmarginFB=\dimen145
\parindentFFN=\dimen146
\FBfnindent=\dimen147
))
(C:\Users\ISIS_666\AppData\Local\Programs\MiKTeX\tex/latex/carlisle\scalefnt.st
y)
(C:\Users\ISIS_666\AppData\Local\Programs\MiKTeX\tex/latex/graphics\keyval.sty
Package: keyval 2014/10/28 v1.15 key=value parser (DPC)
\KV@toks@=\toks17
) (C:\Users\ISIS_666\AppData\Local\Programs\MiKTeX\tex/latex/base\fontenc.sty
Package: fontenc 2021/04/29 v2.0v Standard LaTeX package
)
(C:\Users\ISIS_666\AppData\Local\Programs\MiKTeX\tex/latex/base\inputenc.sty
Package: inputenc 2021/02/14 v1.3d Input encoding file
\inpenc@prehook=\toks18
\inpenc@posthook=\toks19
)
(C:\Users\ISIS_666\AppData\Local\Programs\MiKTeX\tex/latex/mathtools\mathtools.
sty
Package: mathtools 2022/02/07 v1.28a mathematical typesetting tools
 (C:\Users\ISIS_666\AppData\Local\Programs\MiKTeX\tex/latex/tools\calc.sty
Package: calc 2017/05/25 v4.3 Infix arithmetic (KKT,FJ)
\calc@Acount=\count268
\calc@Bcount=\count269
\calc@Adimen=\dimen148
\calc@Bdimen=\dimen149
\calc@Askip=\skip49
\calc@Bskip=\skip50
LaTeX Info: Redefining \setlength on input line 80.
LaTeX Info: Redefining \addtolength on input line 81.
\calc@Ccount=\count270
\calc@Cskip=\skip51
)
(C:\Users\ISIS_666\AppData\Local\Programs\MiKTeX\tex/latex/mathtools\mhsetup.st
y
Package: mhsetup 2021/03/18 v1.4 programming setup (MH)
)
(C:\Users\ISIS_666\AppData\Local\Programs\MiKTeX\tex/latex/amsmath\amsmath.sty
Package: amsmath 2021/10/15 v2.17l AMS math features
\@mathmargin=\skip52

For additional information on amsmath, use the `?' option.
(C:\Users\ISIS_666\AppData\Local\Programs\MiKTeX\tex/latex/amsmath\amstext.sty
Package: amstext 2021/08/26 v2.01 AMS text

(C:\Users\ISIS_666\AppData\Local\Programs\MiKTeX\tex/latex/amsmath\amsgen.sty
File: amsgen.sty 1999/11/30 v2.0 generic functions
\@emptytoks=\toks20
\ex@=\dimen150
)) (C:\Users\ISIS_666\AppData\Local\Programs\MiKTeX\tex/latex/amsmath\amsbsy.st
y
Package: amsbsy 1999/11/29 v1.2d Bold Symbols
\pmbraise@=\dimen151
) (C:\Users\ISIS_666\AppData\Local\Programs\MiKTeX\tex/latex/amsmath\amsopn.sty
Package: amsopn 2021/08/26 v2.02 operator names
)
\inf@bad=\count271
LaTeX Info: Redefining \frac on input line 234.
\uproot@=\count272
\leftroot@=\count273
LaTeX Info: Redefining \overline on input line 399.
\classnum@=\count274
\DOTSCASE@=\count275
LaTeX Info: Redefining \ldots on input line 496.
LaTeX Info: Redefining \dots on input line 499.
LaTeX Info: Redefining \cdots on input line 620.
\Mathstrutbox@=\box50
\strutbox@=\box51
\big@size=\dimen152
LaTeX Font Info:    Redeclaring font encoding OML on input line 743.
LaTeX Font Info:    Redeclaring font encoding OMS on input line 744.
\macc@depth=\count276
\c@MaxMatrixCols=\count277
\dotsspace@=\muskip16
\c@parentequation=\count278
\dspbrk@lvl=\count279
\tag@help=\toks21
\row@=\count280
\column@=\count281
\maxfields@=\count282
\andhelp@=\toks22
\eqnshift@=\dimen153
\alignsep@=\dimen154
\tagshift@=\dimen155
\tagwidth@=\dimen156
\totwidth@=\dimen157
\lineht@=\dimen158
\@envbody=\toks23
\multlinegap=\skip53
\multlinetaggap=\skip54
\mathdisplay@stack=\toks24
LaTeX Info: Redefining \[ on input line 2938.
LaTeX Info: Redefining \] on input line 2939.
)
\g_MT_multlinerow_int=\count283
\l_MT_multwidth_dim=\dimen159
\origjot=\skip55
\l_MT_shortvdotswithinadjustabove_dim=\dimen160
\l_MT_shortvdotswithinadjustbelow_dim=\dimen161
\l_MT_above_intertext_sep=\dimen162
\l_MT_below_intertext_sep=\dimen163
\l_MT_above_shortintertext_sep=\dimen164
\l_MT_below_shortintertext_sep=\dimen165
\xmathstrut@box=\box52
\xmathstrut@dim=\dimen166
) (C:\Users\ISIS_666\AppData\Local\Programs\MiKTeX\tex/latex/tools\bm.sty
Package: bm 2021/04/25 v1.2e Bold Symbol Support (DPC/FMi)
\symboldoperators=\mathgroup4
\symboldletters=\mathgroup5
\symboldsymbols=\mathgroup6
Package bm Info: No bold for \OMX/cmex/m/n, using \pmb.
LaTeX Font Info:    Redeclaring math alphabet \mathbf on input line 149.
)
(C:\Users\ISIS_666\AppData\Local\Programs\MiKTeX\tex/latex/amsfonts\amsfonts.st
y
Package: amsfonts 2013/01/14 v3.01 Basic AMSFonts support
\symAMSa=\mathgroup7
\symAMSb=\mathgroup8
LaTeX Font Info:    Redeclaring math symbol \hbar on input line 98.
LaTeX Font Info:    Overwriting math alphabet `\mathfrak' in version `bold'
(Font)                  U/euf/m/n --> U/euf/b/n on input line 106.
)
(C:\Users\ISIS_666\AppData\Local\Programs\MiKTeX\tex/latex/amsfonts\amssymb.sty
Package: amssymb 2013/01/14 v3.01 AMS font symbols
)
(C:\Users\ISIS_666\AppData\Local\Programs\MiKTeX\tex/latex/enumitem\enumitem.st
y
Package: enumitem 2019/06/20 v3.9 Customized lists
\labelindent=\skip56
\enit@outerparindent=\dimen167
\enit@toks=\toks25
\enit@inbox=\box53
\enit@count@id=\count284
\enitdp@description=\count285
)
(C:\Users\ISIS_666\AppData\Local\Programs\MiKTeX\tex/latex/caption\caption.sty
Package: caption 2022/03/01 v3.6b Customizing captions (AR)

(C:\Users\ISIS_666\AppData\Local\Programs\MiKTeX\tex/latex/caption\caption3.sty
Package: caption3 2022/03/17 v2.3b caption3 kernel (AR)
\caption@tempdima=\dimen168
\captionmargin=\dimen169
\caption@leftmargin=\dimen170
\caption@rightmargin=\dimen171
\caption@width=\dimen172
\caption@indent=\dimen173
\caption@parindent=\dimen174
\caption@hangindent=\dimen175
Package caption Info: Standard document class detected.
Package caption Info: french babel package is loaded.
)
\c@caption@flags=\count286
\c@continuedfloat=\count287
)
(C:\Users\ISIS_666\AppData\Local\Programs\MiKTeX\tex/latex/caption\subcaption.s
ty
Package: subcaption 2022/01/07 v1.5 Sub-captions (AR)
\c@subfigure=\count288
\c@subtable=\count289
)
(C:\Users\ISIS_666\AppData\Local\Programs\MiKTeX\tex/latex/systeme\systeme.sty
(C:\Users\ISIS_666\AppData\Local\Programs\MiKTeX\tex/latex/xstring\xstring.sty
(C:\Users\ISIS_666\AppData\Local\Programs\MiKTeX\tex/generic/xstring\xstring.te
x
\integerpart=\count290
\decimalpart=\count291
)
Package: xstring 2021/07/21 v1.84 String manipulations (CT)
)
(C:\Users\ISIS_666\AppData\Local\Programs\MiKTeX\tex/generic/systeme\systeme.te
x
\SYS_systemecode=\toks26
\SYS_systempreamble=\toks27
\SYSeqnum=\count292
)
Package: systeme 2020/05/03 v0.34 Mise en forme de systemes d'equations (CT)
)
(C:\Users\ISIS_666\AppData\Local\Programs\MiKTeX\tex/latex/base\fixltx2e.sty
Package: fixltx2e 2016/12/29 v2.1a fixes to LaTeX (obsolete)
Applying: [2015/01/01] Old fixltx2e package on input line 46.


Package fixltx2e Warning: fixltx2e is not required with releases after 2015
(fixltx2e)                All fixes are now in the LaTeX kernel.
(fixltx2e)                See the latexrelease package for details.

Already applied: [0000/00/00] Old fixltx2e package on input line 53.
)
(C:\Users\ISIS_666\AppData\Local\Programs\MiKTeX\tex/latex/tex-gyre\tgheros.sty
Package: tgheros 2009/09/27 v1.2 TeX Gyre Heros as default sans serif family

(C:\Users\ISIS_666\AppData\Local\Programs\MiKTeX\tex/latex/kvoptions\kvoptions.
sty
Package: kvoptions 2020-10-07 v3.14 Key value format for package options (HO)

(C:\Users\ISIS_666\AppData\Local\Programs\MiKTeX\tex/generic/ltxcmds\ltxcmds.st
y
Package: ltxcmds 2020-05-10 v1.25 LaTeX kernel commands for general use (HO)
)
(C:\Users\ISIS_666\AppData\Local\Programs\MiKTeX\tex/generic/kvsetkeys\kvsetkey
s.sty
Package: kvsetkeys 2019/12/15 v1.18 Key value parser (HO)
)))
(C:\Users\ISIS_666\AppData\Local\Programs\MiKTeX\tex/latex/comment\comment.sty
\CommentStream=\write3

Excluding comment 'comment')
(C:\Users\ISIS_666\AppData\Local\Programs\MiKTeX\tex/latex/hyperref\hyperref.st
y
Package: hyperref 2022-02-21 v7.00n Hypertext links for LaTeX
 (C:\Users\ISIS_666\AppData\Local\Programs\MiKTeX\tex/generic/iftex\iftex.sty
Package: iftex 2022/02/03 v1.0f TeX engine tests
)
(C:\Users\ISIS_666\AppData\Local\Programs\MiKTeX\tex/generic/pdftexcmds\pdftexc
mds.sty
Package: pdftexcmds 2020-06-27 v0.33 Utility functions of pdfTeX for LuaTeX (HO
)

(C:\Users\ISIS_666\AppData\Local\Programs\MiKTeX\tex/generic/infwarerr\infwarer
r.sty
Package: infwarerr 2019/12/03 v1.5 Providing info/warning/error messages (HO)
)
Package pdftexcmds Info: \pdf@primitive is available.
Package pdftexcmds Info: \pdf@ifprimitive is available.
Package pdftexcmds Info: \pdfdraftmode found.
)
(C:\Users\ISIS_666\AppData\Local\Programs\MiKTeX\tex/generic/kvdefinekeys\kvdef
inekeys.sty
Package: kvdefinekeys 2019-12-19 v1.6 Define keys (HO)
)
(C:\Users\ISIS_666\AppData\Local\Programs\MiKTeX\tex/generic/pdfescape\pdfescap
e.sty
Package: pdfescape 2019/12/09 v1.15 Implements pdfTeX's escape features (HO)
)
(C:\Users\ISIS_666\AppData\Local\Programs\MiKTeX\tex/latex/hycolor\hycolor.sty
Package: hycolor 2020-01-27 v1.10 Color options for hyperref/bookmark (HO)
)
(C:\Users\ISIS_666\AppData\Local\Programs\MiKTeX\tex/latex/letltxmacro\letltxma
cro.sty
Package: letltxmacro 2019/12/03 v1.6 Let assignment for LaTeX macros (HO)
)
(C:\Users\ISIS_666\AppData\Local\Programs\MiKTeX\tex/latex/auxhook\auxhook.sty
Package: auxhook 2019-12-17 v1.6 Hooks for auxiliary files (HO)
)
\@linkdim=\dimen176
\Hy@linkcounter=\count293
\Hy@pagecounter=\count294
(C:\Users\ISIS_666\AppData\Local\Programs\MiKTeX\tex/latex/hyperref\pd1enc.def
File: pd1enc.def 2022-02-21 v7.00n Hyperref: PDFDocEncoding definition (HO)
Now handling font encoding PD1 ...
... no UTF-8 mapping file for font encoding PD1
)
(C:\Users\ISIS_666\AppData\Local\Programs\MiKTeX\tex/generic/intcalc\intcalc.st
y
Package: intcalc 2019/12/15 v1.3 Expandable calculations with integers (HO)
)
(C:\Users\ISIS_666\AppData\Local\Programs\MiKTeX\tex/generic/etexcmds\etexcmds.
sty
Package: etexcmds 2019/12/15 v1.7 Avoid name clashes with e-TeX commands (HO)
)
\Hy@SavedSpaceFactor=\count295

(C:\Users\ISIS_666\AppData\Local\Programs\MiKTeX\tex/latex/hyperref\puenc.def
File: puenc.def 2022-02-21 v7.00n Hyperref: PDF Unicode definition (HO)
Now handling font encoding PU ...
... no UTF-8 mapping file for font encoding PU
)
Package hyperref Info: Hyper figures OFF on input line 4137.
Package hyperref Info: Link nesting OFF on input line 4142.
Package hyperref Info: Hyper index ON on input line 4145.
Package hyperref Info: Plain pages OFF on input line 4152.
Package hyperref Info: Backreferencing OFF on input line 4157.
Package hyperref Info: Implicit mode ON; LaTeX internals redefined.
Package hyperref Info: Bookmarks ON on input line 4390.
\c@Hy@tempcnt=\count296

(C:\Users\ISIS_666\AppData\Local\Programs\MiKTeX\tex/latex/url\url.sty
\Urlmuskip=\muskip17
Package: url 2013/09/16  ver 3.4  Verb mode for urls, etc.
)
LaTeX Info: Redefining \url on input line 4749.
\XeTeXLinkMargin=\dimen177

(C:\Users\ISIS_666\AppData\Local\Programs\MiKTeX\tex/generic/bitset\bitset.sty
Package: bitset 2019/12/09 v1.3 Handle bit-vector datatype (HO)

(C:\Users\ISIS_666\AppData\Local\Programs\MiKTeX\tex/generic/bigintcalc\bigintc
alc.sty
Package: bigintcalc 2019/12/15 v1.5 Expandable calculations on big integers (HO
)
))
\Fld@menulength=\count297
\Field@Width=\dimen178
\Fld@charsize=\dimen179
Package hyperref Info: Hyper figures OFF on input line 6027.
Package hyperref Info: Link nesting OFF on input line 6032.
Package hyperref Info: Hyper index ON on input line 6035.
Package hyperref Info: backreferencing OFF on input line 6042.
Package hyperref Info: Link coloring OFF on input line 6047.
Package hyperref Info: Link coloring with OCG OFF on input line 6052.
Package hyperref Info: PDF/A mode OFF on input line 6057.
LaTeX Info: Redefining \ref on input line 6097.
LaTeX Info: Redefining \pageref on input line 6101.

(C:\Users\ISIS_666\AppData\Local\Programs\MiKTeX\tex/latex/base\atbegshi-ltx.st
y
Package: atbegshi-ltx 2021/01/10 v1.0c Emulation of the original atbegshi
package with kernel methods
)
\Hy@abspage=\count298
\c@Item=\count299
\c@Hfootnote=\count300
)
Package hyperref Info: Driver (autodetected): hpdftex.

(C:\Users\ISIS_666\AppData\Local\Programs\MiKTeX\tex/latex/hyperref\hpdftex.def
File: hpdftex.def 2022-02-21 v7.00n Hyperref driver for pdfTeX

(C:\Users\ISIS_666\AppData\Local\Programs\MiKTeX\tex/latex/base\atveryend-ltx.s
ty
Package: atveryend-ltx 2020/08/19 v1.0a Emulation of the original atveryend pac
kage
with kernel methods
)
\Fld@listcount=\count301
\c@bookmark@seq@number=\count302

(C:\Users\ISIS_666\AppData\Local\Programs\MiKTeX\tex/latex/rerunfilecheck\rerun
filecheck.sty
Package: rerunfilecheck 2019/12/05 v1.9 Rerun checks for auxiliary files (HO)

(C:\Users\ISIS_666\AppData\Local\Programs\MiKTeX\tex/generic/uniquecounter\uniq
uecounter.sty
Package: uniquecounter 2019/12/15 v1.4 Provide unlimited unique counter (HO)
)
Package uniquecounter Info: New unique counter `rerunfilecheck' on input line 2
86.
)
\Hy@SectionHShift=\skip57
)
(C:\Users\ISIS_666\AppData\Local\Programs\MiKTeX\tex/latex/blindtext\blindtext.
sty
Package: blindtext 2012/01/06 V2.0 blindtext-Package
 (C:\Users\ISIS_666\AppData\Local\Programs\MiKTeX\tex/latex/tools\xspace.sty
Package: xspace 2014/10/28 v1.13 Space after command names (DPC,MH)
)
\c@blindtext=\count303
\c@Blindtext=\count304
\c@blind@countparstart=\count305
\blind@countxx=\count306
\blindtext@numBlindtext=\count307
\blind@countyy=\count308
\c@blindlist=\count309
\c@blindlistlevel=\count310
\c@blindlist@level=\count311
\blind@listitem=\count312
\c@blind@listcount=\count313
\c@blind@levelcount=\count314
\blind@mathformula=\count315
\blind@Mathformula=\count316
\c@blind@randomcount=\count317
\c@blind@randommax=\count318
\c@blind@pangramcount=\count319
\c@blind@pangrammax=\count320
)
(C:\Users\ISIS_666\AppData\Local\Programs\MiKTeX\tex/latex/geometry\geometry.st
y
Package: geometry 2020/01/02 v5.9 Page Geometry
 (C:\Users\ISIS_666\AppData\Local\Programs\MiKTeX\tex/generic/iftex\ifvtex.sty
Package: ifvtex 2019/10/25 v1.7 ifvtex legacy package. Use iftex instead.
)
\Gm@cnth=\count321
\Gm@cntv=\count322
\c@Gm@tempcnt=\count323
\Gm@bindingoffset=\dimen180
\Gm@wd@mp=\dimen181
\Gm@odd@mp=\dimen182
\Gm@even@mp=\dimen183
\Gm@layoutwidth=\dimen184
\Gm@layoutheight=\dimen185
\Gm@layouthoffset=\dimen186
\Gm@layoutvoffset=\dimen187
\Gm@dimlist=\toks28

(C:\Users\ISIS_666\AppData\Local\Programs\MiKTeX\tex/latex/geometry\geometry.cf
g))
(C:\Users\ISIS_666\AppData\Local\Programs\MiKTeX\tex/latex/xcolor\xcolor.sty
Package: xcolor 2021/10/31 v2.13 LaTeX color extensions (UK)

(C:\Users\ISIS_666\AppData\Local\Programs\MiKTeX\tex/latex/graphics-cfg\color.c
fg
File: color.cfg 2016/01/02 v1.6 sample color configuration
)
Package xcolor Info: Driver file: pdftex.def on input line 227.

(C:\Users\ISIS_666\AppData\Local\Programs\MiKTeX\tex/latex/graphics-def\pdftex.
def
File: pdftex.def 2020/10/05 v1.2a Graphics/color driver for pdftex
)
Package xcolor Info: Model `cmy' substituted by `cmy0' on input line 1352.
Package xcolor Info: Model `hsb' substituted by `rgb' on input line 1356.
Package xcolor Info: Model `RGB' extended on input line 1368.
Package xcolor Info: Model `HTML' substituted by `rgb' on input line 1370.
Package xcolor Info: Model `Hsb' substituted by `hsb' on input line 1371.
Package xcolor Info: Model `tHsb' substituted by `hsb' on input line 1372.
Package xcolor Info: Model `HSB' substituted by `hsb' on input line 1373.
Package xcolor Info: Model `Gray' substituted by `gray' on input line 1374.
Package xcolor Info: Model `wave' substituted by `hsb' on input line 1375.
)
(C:\Users\ISIS_666\AppData\Local\Programs\MiKTeX\tex/latex/graphics\graphicx.st
y
Package: graphicx 2021/09/16 v1.2d Enhanced LaTeX Graphics (DPC,SPQR)

(C:\Users\ISIS_666\AppData\Local\Programs\MiKTeX\tex/latex/graphics\graphics.st
y
Package: graphics 2021/03/04 v1.4d Standard LaTeX Graphics (DPC,SPQR)
 (C:\Users\ISIS_666\AppData\Local\Programs\MiKTeX\tex/latex/graphics\trig.sty
Package: trig 2021/08/11 v1.11 sin cos tan (DPC)
)
(C:\Users\ISIS_666\AppData\Local\Programs\MiKTeX\tex/latex/graphics-cfg\graphic
s.cfg
File: graphics.cfg 2016/06/04 v1.11 sample graphics configuration
)
Package graphics Info: Driver file: pdftex.def on input line 107.
)
\Gin@req@height=\dimen188
\Gin@req@width=\dimen189
)
(C:\Users\ISIS_666\AppData\Local\Programs\MiKTeX\tex/latex/wrapfig\wrapfig.sty
\wrapoverhang=\dimen190
\WF@size=\dimen191
\c@WF@wrappedlines=\count324
\WF@box=\box54
\WF@everypar=\toks29
Package: wrapfig 2003/01/31  v 3.6
) (C:\Users\ISIS_666\AppData\Local\Programs\MiKTeX\tex/latex/lipsum\lipsum.sty
(C:\Users\ISIS_666\AppData\Local\Programs\MiKTeX\tex/latex/l3packages/l3keys2e\
l3keys2e.sty
(C:\Users\ISIS_666\AppData\Local\Programs\MiKTeX\tex/latex/l3kernel\expl3.sty
Package: expl3 2022-02-24 L3 programming layer (loader) 

(C:\Users\ISIS_666\AppData\Local\Programs\MiKTeX\tex/latex/l3backend\l3backend-
pdftex.def
File: l3backend-pdftex.def 2022-02-07 L3 backend support: PDF output (pdfTeX)
\l__color_backend_stack_int=\count325
\l__pdf_internal_box=\box55
))
Package: l3keys2e 2022-01-12 LaTeX2e option processing using LaTeX3 keys
)
Package: lipsum 2021-09-20 v2.7 150 paragraphs of Lorem Ipsum dummy text
\g__lipsum_par_int=\count326
\l__lipsum_a_int=\count327
\l__lipsum_b_int=\count328

(C:\Users\ISIS_666\AppData\Local\Programs\MiKTeX\tex/latex/lipsum\lipsum.ltd.te
x))
(C:\Users\ISIS_666\AppData\Local\Programs\MiKTeX\tex/latex/tools\tabularx.sty
Package: tabularx 2020/01/15 v2.11c `tabularx' package (DPC)

(C:\Users\ISIS_666\AppData\Local\Programs\MiKTeX\tex/latex/tools\array.sty
Package: array 2021/10/04 v2.5f Tabular extension package (FMi)
\col@sep=\dimen192
\ar@mcellbox=\box56
\extrarowheight=\dimen193
\NC@list=\toks30
\extratabsurround=\skip58
\backup@length=\skip59
\ar@cellbox=\box57
)
\TX@col@width=\dimen194
\TX@old@table=\dimen195
\TX@old@col=\dimen196
\TX@target=\dimen197
\TX@delta=\dimen198
\TX@cols=\count329
\TX@ftn=\toks31
)
(C:\Users\ISIS_666\AppData\Local\Programs\MiKTeX\tex/latex/fancyhdr\fancyhdr.st
y
Package: fancyhdr 2021/01/28 v4.0.1 Extensive control of page headers and foote
rs
\f@nch@headwidth=\skip60
\f@nch@O@elh=\skip61
\f@nch@O@erh=\skip62
\f@nch@O@olh=\skip63
\f@nch@O@orh=\skip64
\f@nch@O@elf=\skip65
\f@nch@O@erf=\skip66
\f@nch@O@olf=\skip67
\f@nch@O@orf=\skip68
) (rapport.aux)
\openout1 = `rapport.aux'.

LaTeX Font Info:    Checking defaults for OML/cmm/m/it on input line 58.
LaTeX Font Info:    ... okay on input line 58.
LaTeX Font Info:    Checking defaults for OMS/cmsy/m/n on input line 58.
LaTeX Font Info:    ... okay on input line 58.
LaTeX Font Info:    Checking defaults for OT1/cmr/m/n on input line 58.
LaTeX Font Info:    ... okay on input line 58.
LaTeX Font Info:    Checking defaults for T1/cmr/m/n on input line 58.
LaTeX Font Info:    ... okay on input line 58.
LaTeX Font Info:    Checking defaults for TS1/cmr/m/n on input line 58.
LaTeX Font Info:    ... okay on input line 58.
LaTeX Font Info:    Checking defaults for OMX/cmex/m/n on input line 58.
LaTeX Font Info:    ... okay on input line 58.
LaTeX Font Info:    Checking defaults for U/cmr/m/n on input line 58.
LaTeX Font Info:    ... okay on input line 58.
LaTeX Font Info:    Checking defaults for PD1/pdf/m/n on input line 58.
LaTeX Font Info:    ... okay on input line 58.
LaTeX Font Info:    Checking defaults for PU/pdf/m/n on input line 58.
LaTeX Font Info:    ... okay on input line 58.
LaTeX Info: Redefining \degres on input line 58.
Package french.ldf Info: Setting StandardItemizeEnv=true for
(french.ldf)             compatibility with enumitem package,
(french.ldf)             reported on input line 58.
Package french.ldf Info: Setting StandardEnumerateEnv=true for
(french.ldf)             compatibility with enumitem package,
(french.ldf)             reported on input line 58.
LaTeX Info: Redefining \up on input line 58.
Package caption Info: Begin \AtBeginDocument code.
Package caption Info: hyperref package is loaded.
Package caption Info: wrapfig package is loaded.
Package caption Info: End \AtBeginDocument code.
Package hyperref Info: Link coloring OFF on input line 58.

(C:\Users\ISIS_666\AppData\Local\Programs\MiKTeX\tex/latex/hyperref\nameref.sty
Package: nameref 2021-04-02 v2.47 Cross-referencing by name of section

(C:\Users\ISIS_666\AppData\Local\Programs\MiKTeX\tex/latex/refcount\refcount.st
y
Package: refcount 2019/12/15 v3.6 Data extraction from label references (HO)
)
(C:\Users\ISIS_666\AppData\Local\Programs\MiKTeX\tex/generic/gettitlestring\get
titlestring.sty
Package: gettitlestring 2019/12/15 v1.6 Cleanup title references (HO)
)
\c@section@level=\count330
)
LaTeX Info: Redefining \ref on input line 58.
LaTeX Info: Redefining \pageref on input line 58.
LaTeX Info: Redefining \nameref on input line 58.
 (rapport.out) (rapport.out)
\@outlinefile=\write4
\openout4 = `rapport.out'.


*geometry* driver: auto-detecting
*geometry* detected driver: pdftex
*geometry* verbose mode - [ preamble ] result:
* driver: pdftex
* paper: a4paper
* layout: <same size as paper>
* layoutoffset:(h,v)=(0.0pt,0.0pt)
* modes: 
* h-part:(L,W,R)=(45.80893pt, 505.89pt, 45.80894pt)
* v-part:(T,H,B)=(48.93872pt, 722.7pt, 73.40813pt)
* \paperwidth=597.50787pt
* \paperheight=845.04684pt
* \textwidth=505.89pt
* \textheight=722.7pt
* \oddsidemargin=-26.46106pt
* \evensidemargin=-26.46106pt
* \topmargin=-60.33127pt
* \headheight=39.0pt
* \headsep=25.0pt
* \topskip=12.0pt
* \footskip=30.0pt
* \marginparwidth=35.0pt
* \marginparsep=10.0pt
* \columnsep=10.0pt
* \skip\footins=10.8pt plus 4.0pt minus 2.0pt
* \hoffset=0.0pt
* \voffset=0.0pt
* \mag=1000
* \@twocolumnfalse
* \@twosidefalse
* \@mparswitchfalse
* \@reversemarginfalse
* (1in=72.27pt=25.4mm, 1cm=28.453pt)


(C:\Users\ISIS_666\AppData\Local\Programs\MiKTeX\tex/context/base/mkii\supp-pdf
.mkii
[Loading MPS to PDF converter (version 2006.09.02).]
\scratchcounter=\count331
\scratchdimen=\dimen199
\scratchbox=\box58
\nofMPsegments=\count332
\nofMParguments=\count333
\everyMPshowfont=\toks32
\MPscratchCnt=\count334
\MPscratchDim=\dimen256
\MPnumerator=\count335
\makeMPintoPDFobject=\count336
\everyMPtoPDFconversion=\toks33
)
(C:\Users\ISIS_666\AppData\Local\Programs\MiKTeX\tex/latex/epstopdf-pkg\epstopd
f-base.sty
Package: epstopdf-base 2020-01-24 v2.11 Base part for package epstopdf
Package epstopdf-base Info: Redefining graphics rule for `.eps' on input line 4
85.

(C:\Users\ISIS_666\AppData\Local\Programs\MiKTeX\tex/latex/00miktex\epstopdf-sy
s.cfg
File: epstopdf-sys.cfg 2021/03/18 v2.0 Configuration of epstopdf for MiKTeX
))
<usmslogo.png, id=135, 261.97874pt x 193.72375pt>
File: usmslogo.png Graphic file (type png)
<use usmslogo.png>
Package pdftex.def Info: usmslogo.png  used on input line 67.
(pdftex.def)             Requested size: 89.99901pt x 74.99918pt.
LaTeX Font Info:    Trying to load font information for U+msa on input line 69.


(C:\Users\ISIS_666\AppData\Local\Programs\MiKTeX\tex/latex/amsfonts\umsa.fd
File: umsa.fd 2013/01/14 v3.01 AMS symbols A
)
LaTeX Font Info:    Trying to load font information for U+msb on input line 69.


(C:\Users\ISIS_666\AppData\Local\Programs\MiKTeX\tex/latex/amsfonts\umsb.fd
File: umsb.fd 2013/01/14 v3.01 AMS symbols B
)
<fstlogo.png, id=137, 225.84375pt x 222.8325pt>
File: fstlogo.png Graphic file (type png)
<use fstlogo.png>
Package pdftex.def Info: fstlogo.png  used on input line 72.
(pdftex.def)             Requested size: 49.99936pt x 59.99896pt.


LaTeX Font Warning: Font shape `T1/cmr/b/it' undefined
(Font)              using `T1/cmr/bx/it' instead on input line 102.


LaTeX Font Warning: Font shape `T1/cmr/b/it' undefined
(Font)              using `T1/cmr/bx/it' instead on input line 102.

[1

{C:/Users/ISIS_666/AppData/Local/MiKTeX/fonts/map/pdftex/pdftex.map} <./usmslog
o.png> <./fstlogo.png>] [2]
Underfull \hbox (badness 10000) in paragraph at lines 150--154

 []

[3] [4] (rapport.toc)
\tf@toc=\write5
\openout5 = `rapport.toc'.

 [5] [6] (rapport.lof)
\tf@lof=\write6
\openout6 = `rapport.lof'.

 [7]
Underfull \hbox (badness 10000) in paragraph at lines 176--177

 []


Underfull \hbox (badness 10000) in paragraph at lines 178--182

 []


Underfull \hbox (badness 10000) in paragraph at lines 183--184

 []


Underfull \hbox (badness 10000) in paragraph at lines 185--186

 []


Underfull \hbox (badness 10000) in paragraph at lines 187--188

 []

[8] [9]
<image/a1.jpg, id=305, 1084.05pt x 1927.2pt>
File: image/a1.jpg Graphic file (type jpg)
<use image/a1.jpg>
Package pdftex.def Info: image/a1.jpg  used on input line 209.
(pdftex.def)             Requested size: 151.76596pt x 269.80617pt.
<image/a2.jpg, id=306, 1084.05pt x 1927.2pt>
File: image/a2.jpg Graphic file (type jpg)
<use image/a2.jpg>
Package pdftex.def Info: image/a2.jpg  used on input line 210.
(pdftex.def)             Requested size: 151.76596pt x 269.80617pt.
<image/a3.jpg, id=307, 1084.05pt x 1927.2pt>
File: image/a3.jpg Graphic file (type jpg)
<use image/a3.jpg>
Package pdftex.def Info: image/a3.jpg  used on input line 211.
(pdftex.def)             Requested size: 151.76596pt x 269.80617pt.
 [10 <./image/a1.jpg> <./image/a2.jpg> <./image/a3.jpg>]
<ttn.png, id=313, 1181.41376pt x 549.05125pt>
File: ttn.png Graphic file (type png)
<use ttn.png>
Package pdftex.def Info: ttn.png  used on input line 225.
(pdftex.def)             Requested size: 354.42686pt x 164.71664pt.
<FRAMS.png, id=314, 491.8375pt x 628.3475pt>
File: FRAMS.png Graphic file (type png)
<use FRAMS.png>
Package pdftex.def Info: FRAMS.png  used on input line 232.
(pdftex.def)             Requested size: 211.486pt x 270.18416pt.
 [11 <./ttn.png> <./FRAMS.png>]
<uml.png, id=323, 263.98625pt x 191.71625pt>
File: uml.png Graphic file (type png)
<use uml.png>
Package pdftex.def Info: uml.png  used on input line 247.
(pdftex.def)             Requested size: 227.62204pt x 165.3057pt.

Underfull \hbox (badness 10000) in paragraph at lines 241--248
\T1/cmr/m/n/12 met de res-ter in-dé-pen-dant d'un lan-gage de pro-gram-ma-tion 
donné.
 []

<uc.png, id=324, 1246.6575pt x 715.67375pt>
File: uc.png Graphic file (type png)
<use uc.png>
Package pdftex.def Info: uc.png  used on input line 282.
(pdftex.def)             Requested size: 321.60127pt x 184.61838pt.
[12 <./uml.png>]
<SequenceDiagram.png, id=337, 1206.5075pt x 1061.9675pt>
File: SequenceDiagram.png Graphic file (type png)
<use SequenceDiagram.png>
Package pdftex.def Info: SequenceDiagram.png  used on input line 292.
(pdftex.def)             Requested size: 505.89pt x 445.27791pt.
 [13 <./uc.png>] [14 <./SequenceDiagram.png>]
<SequenceDiagram2.png, id=350, 1110.1475pt x 572.1375pt>
File: SequenceDiagram2.png Graphic file (type png)
<use SequenceDiagram2.png>
Package pdftex.def Info: SequenceDiagram2.png  used on input line 301.
(pdftex.def)             Requested size: 505.89pt x 260.72455pt.
 [15 <./SequenceDiagram2.png>]
<Main.png, id=357, 1302.8675pt x 893.3375pt>
File: Main.png Graphic file (type png)
<use Main.png>
Package pdftex.def Info: Main.png  used on input line 311.
(pdftex.def)             Requested size: 505.89pt x 346.87352pt.
 [16 <./Main.png>]
<life.png, id=363, 396.48125pt x 620.3175pt>
File: life.png Graphic file (type png)
<use life.png>
Package pdftex.def Info: life.png  used on input line 322.
(pdftex.def)             Requested size: 158.58968pt x 248.1226pt.
<Unity.png, id=364, 1606.0pt x 908.39375pt>
File: Unity.png Graphic file (type png)
<use Unity.png>
Package pdftex.def Info: Unity.png  used on input line 324.
(pdftex.def)             Requested size: 160.6094pt x 90.8447pt.
 [17 <./life.png> <./Unity.png>]
<vs.png, id=372, 602.25pt x 301.125pt>
File: vs.png Graphic file (type png)
<use vs.png>
Package pdftex.def Info: vs.png  used on input line 333.
(pdftex.def)             Requested size: 421.57211pt x 210.78606pt.
<netlogo.png, id=373, 457.71pt x 457.71pt>
File: netlogo.png Graphic file (type png)
<use netlogo.png>
Package pdftex.def Info: netlogo.png  used on input line 341.
(pdftex.def)             Requested size: 137.31406pt x 137.31406pt.
 [18 <./vs.png> <./netlogo.png>]
<player.png, id=380, 631.60968pt x 431.36156pt>
File: player.png Graphic file (type png)
<use player.png>
Package pdftex.def Info: player.png  used on input line 350.
(pdftex.def)             Requested size: 252.9478pt x 289.08972pt.
<builder.png, id=381, 481.8pt x 454.69875pt>
File: builder.png Graphic file (type png)
<use builder.png>
Package pdftex.def Info: builder.png  used on input line 351.
(pdftex.def)             Requested size: 252.94142pt x 289.08434pt.

Overfull \hbox (2.60971pt too wide) in paragraph at lines 350--352
[][] [] 
 []

[19 <./player.png> <./builder.png>]
<arcore.png, id=389, 166.6225pt x 351.81438pt>
File: arcore.png Graphic file (type png)
<use arcore.png>
Package pdftex.def Info: arcore.png  used on input line 363.
(pdftex.def)             Requested size: 252.96373pt x 216.80743pt.
<arf.png, id=390, 317.185pt x 352.31625pt>
File: arf.png Graphic file (type png)
<use arf.png>
Package pdftex.def Info: arf.png  used on input line 367.
(pdftex.def)             Requested size: 252.95459pt x 216.81029pt.

Overfull \hbox (2.61047pt too wide) in paragraph at lines 362--370
[][] [] 
 []

<bld.png, id=391, 2569.6pt x 690.58pt>
File: bld.png Graphic file (type png)
<use bld.png>
Package pdftex.def Info: bld.png  used on input line 375.
(pdftex.def)             Requested size: 268.89456pt x 72.26999pt.
[20 <./arcore.png> <./arf.png> <./bld.png>]
<AA.png, id=401, 2509.375pt x 2509.375pt>
File: AA.png Graphic file (type png)
<use AA.png>
Package pdftex.def Info: AA.png  used on input line 384.
(pdftex.def)             Requested size: 50.19809pt x 50.19809pt.
<PS.png, id=402, 771.88374pt x 831.105pt>
File: PS.png Graphic file (type png)
<use PS.png>
Package pdftex.def Info: PS.png  used on input line 392.
(pdftex.def)             Requested size: 84.90747pt x 91.42183pt.
<struml.png, id=403, 501.875pt x 476.78125pt>
File: struml.png Graphic file (type png)
<use struml.png>
Package pdftex.def Info: struml.png  used on input line 400.
(pdftex.def)             Requested size: 60.2224pt x 57.21127pt.
 [21 <./AA.png> <./PS.png> <./struml.png>]
<il2cpp.png, id=411, 608.2725pt x 223.83624pt>
File: il2cpp.png Graphic file (type png)
<use il2cpp.png>
Package pdftex.def Info: il2cpp.png  used on input line 409.
(pdftex.def)             Requested size: 304.13551pt x 111.91785pt.
<Waree.png, id=412, 2029.5825pt x 970.62625pt>
File: Waree.png Graphic file (type png)
<use Waree.png>
Package pdftex.def Info: Waree.png  used on input line 419.
(pdftex.def)             Requested size: 453.35367pt x 216.81pt.
 [22 <./il2cpp.png (PNG copy)> <./Waree.png>]
<googleRA.jpg, id=419, 1084.05pt x 1927.2pt>
File: googleRA.jpg Graphic file (type jpg)
<use googleRA.jpg>
Package pdftex.def Info: googleRA.jpg  used on input line 433.
(pdftex.def)             Requested size: 162.60048pt x 289.06754pt.

Underfull \hbox (badness 10000) in paragraph at lines 430--438

 []


Underfull \hbox (badness 10000) in paragraph at lines 439--442

 []

[23 <./googleRA.jpg>]
<image/1.jpg, id=426, 1084.05pt x 1927.2pt>
File: image/1.jpg Graphic file (type jpg)
<use image/1.jpg>
Package pdftex.def Info: image/1.jpg  used on input line 445.
(pdftex.def)             Requested size: 140.93144pt x 250.5448pt.
<image/0.jpg, id=427, 1084.05pt x 1927.2pt>
File: image/0.jpg Graphic file (type jpg)
<use image/0.jpg>
Package pdftex.def Info: image/0.jpg  used on input line 452.
(pdftex.def)             Requested size: 151.76596pt x 269.80617pt.
<image/00.jpg, id=428, 1084.05pt x 1927.2pt>
File: image/00.jpg Graphic file (type jpg)
<use image/00.jpg>
Package pdftex.def Info: image/00.jpg  used on input line 453.
(pdftex.def)             Requested size: 151.76596pt x 269.80617pt.
 [24 <./image/1.jpg> <./image/0.jpg> <./image/00.jpg>]
<image/2.jpg, id=433, 1084.05pt x 1927.2pt>
File: image/2.jpg Graphic file (type jpg)
<use image/2.jpg>
Package pdftex.def Info: image/2.jpg  used on input line 461.
(pdftex.def)             Requested size: 151.76596pt x 269.80617pt.
<image/3.jpg, id=434, 1084.05pt x 1927.2pt>
File: image/3.jpg Graphic file (type jpg)
<use image/3.jpg>
Package pdftex.def Info: image/3.jpg  used on input line 462.
(pdftex.def)             Requested size: 151.76596pt x 269.80617pt.
<image/4.jpg, id=435, 1084.05pt x 1927.2pt>
File: image/4.jpg Graphic file (type jpg)
<use image/4.jpg>
Package pdftex.def Info: image/4.jpg  used on input line 469.
(pdftex.def)             Requested size: 151.76596pt x 269.80617pt.

[25 <./image/2.jpg> <./image/3.jpg> <./image/4.jpg>]
<image/5.jpg, id=441, 1084.05pt x 1927.2pt>
File: image/5.jpg Graphic file (type jpg)
<use image/5.jpg>
Package pdftex.def Info: image/5.jpg  used on input line 477.
(pdftex.def)             Requested size: 162.60048pt x 289.06754pt.
 [26 <./image/5.jpg>]
<image/6.jpg, id=446, 1084.05pt x 1927.2pt>
File: image/6.jpg Graphic file (type jpg)
<use image/6.jpg>
Package pdftex.def Info: image/6.jpg  used on input line 486.
(pdftex.def)             Requested size: 140.93144pt x 250.5448pt.
<image/7.jpg, id=447, 1084.05pt x 1927.2pt>
File: image/7.jpg Graphic file (type jpg)
<use image/7.jpg>
Package pdftex.def Info: image/7.jpg  used on input line 493.
(pdftex.def)             Requested size: 140.93144pt x 250.5448pt.
<image/8.jpg, id=448, 1084.05pt x 1927.2pt>
File: image/8.jpg Graphic file (type jpg)
<use image/8.jpg>
Package pdftex.def Info: image/8.jpg  used on input line 494.
(pdftex.def)             Requested size: 140.93144pt x 250.5448pt.

[27 <./image/6.jpg> <./image/7.jpg> <./image/8.jpg>]
<image/9.jpg, id=453, 1084.05pt x 1927.2pt>
File: image/9.jpg Graphic file (type jpg)
<use image/9.jpg>
Package pdftex.def Info: image/9.jpg  used on input line 502.
(pdftex.def)             Requested size: 151.76596pt x 269.80617pt.
<image/10.jpg, id=454, 1084.05pt x 1927.2pt>
File: image/10.jpg Graphic file (type jpg)
<use image/10.jpg>
Package pdftex.def Info: image/10.jpg  used on input line 509.
(pdftex.def)             Requested size: 151.76596pt x 269.80617pt.
 [28 <./image/9.jpg> <./image/10.jpg>]
<image/77.jpg, id=459, 1084.05pt x 1927.2pt>
File: image/77.jpg Graphic file (type jpg)
<use image/77.jpg>
Package pdftex.def Info: image/77.jpg  used on input line 517.
(pdftex.def)             Requested size: 151.76596pt x 269.80617pt.
<image/11.jpg, id=460, 1084.05pt x 1927.2pt>
File: image/11.jpg Graphic file (type jpg)
<use image/11.jpg>
Package pdftex.def Info: image/11.jpg  used on input line 525.
(pdftex.def)             Requested size: 151.76596pt x 269.80617pt.
 [29 <./image/77.jpg> <./image/11.jpg>]
<image/12.jpg, id=465, 1084.05pt x 1927.2pt>
File: image/12.jpg Graphic file (type jpg)
<use image/12.jpg>
Package pdftex.def Info: image/12.jpg  used on input line 533.
(pdftex.def)             Requested size: 151.76596pt x 269.80617pt.
<image/13.jpg, id=466, 1084.05pt x 1927.2pt>
File: image/13.jpg Graphic file (type jpg)
<use image/13.jpg>
Package pdftex.def Info: image/13.jpg  used on input line 540.
(pdftex.def)             Requested size: 140.93144pt x 250.5448pt.
<image/14.jpg, id=467, 1084.05pt x 1927.2pt>
File: image/14.jpg Graphic file (type jpg)
<use image/14.jpg>
Package pdftex.def Info: image/14.jpg  used on input line 541.
(pdftex.def)             Requested size: 140.93144pt x 250.5448pt.
<image/15.jpg, id=468, 1084.05pt x 1927.2pt>
File: image/15.jpg Graphic file (type jpg)
<use image/15.jpg>
Package pdftex.def Info: image/15.jpg  used on input line 542.
(pdftex.def)             Requested size: 140.93144pt x 250.5448pt.
 [30 <./image/12.jpg> <./image/13.jpg> <./image/14.jpg> <./image/15.jpg>] [31]
Underfull \hbox (badness 10000) in paragraph at lines 583--584

 []

[32] (rapport.aux)
Package rerunfilecheck Info: File `rapport.out' has not changed.
(rerunfilecheck)             Checksum: 6EA6653C82896C482E99E2FEAAFEA473;4921.
 ) 
Here is how much of TeX's memory you used:
 16699 strings out of 478582
 274508 string characters out of 2842929
 674921 words of memory out of 3000000
 34443 multiletter control sequences out of 15000+600000
 491378 words of font info for 88 fonts, out of 8000000 for 9000
 1141 hyphenation exceptions out of 8191
 68i,11n,77p,770b,507s stack positions out of 10000i,1000n,20000p,200000b,80000s
 <C:\Users\ISIS_666\AppData\Local\MiKTeX\fonts/pk/ljfour/jknappen/ec/dpi600\e
ccc1200.pk> <C:\Users\ISIS_666\AppData\Local\MiKTeX\fonts/pk/ljfour/jknappen/ec
/dpi600\ecrm1440.pk> <C:\Users\ISIS_666\AppData\Local\MiKTeX\fonts/pk/ljfour/jk
nappen/ec/dpi600\ecrm0800.pk> <C:\Users\ISIS_666\AppData\Local\MiKTeX\fonts/pk/
ljfour/jknappen/ec/dpi600\ecrb1095.pk> <C:\Users\ISIS_666\AppData\Local\MiKTeX\
fonts/pk/ljfour/jknappen/ec/dpi600\ecrm1095.pk> <C:\Users\ISIS_666\AppData\Loca
l\MiKTeX\fonts/pk/ljfour/jknappen/ec/dpi600\ecti1200.pk> <C:\Users\ISIS_666\App
Data\Local\MiKTeX\fonts/pk/ljfour/jknappen/ec/dpi600\ecrb1200.pk> <C:\Users\ISI
S_666\AppData\Local\MiKTeX\fonts/pk/ljfour/jknappen/ec/dpi600\ecrb1440.pk> <C:\
Users\ISIS_666\AppData\Local\MiKTeX\fonts/pk/ljfour/jknappen/ec/dpi600\ecbi1200
.pk> <C:\Users\ISIS_666\AppData\Local\MiKTeX\fonts/pk/ljfour/jknappen/ec/dpi600
\ecrb1728.pk> <C:\Users\ISIS_666\AppData\Local\MiKTeX\fonts/pk/ljfour/jknappen/
ec/dpi600\ecrm1728.pk> <C:\Users\ISIS_666\AppData\Local\MiKTeX\fonts/pk/ljfour/
jknappen/ec/dpi600\tcrm1200.pk> <C:\Users\ISIS_666\AppData\Local\MiKTeX\fonts/p
k/ljfour/jknappen/ec/dpi600\ecrm1200.pk><C:/Users/ISIS_666/AppData/Local/Progra
ms/MiKTeX/fonts/type1/public/amsfonts/cm/cmmi12.pfb><C:/Users/ISIS_666/AppData/
Local/Programs/MiKTeX/fonts/type1/public/amsfonts/cm/cmr12.pfb><C:/Users/ISIS_6
66/AppData/Local/Programs/MiKTeX/fonts/type1/public/amsfonts/cm/cmsy10.pfb><C:/
Users/ISIS_666/AppData/Local/Programs/MiKTeX/fonts/type1/public/amsfonts/symbol
s/msam10.pfb>
Output written on rapport.pdf (32 pages, 10708124 bytes).
PDF statistics:
 1031 PDF objects out of 1200 (max. 8388607)
 139 named destinations out of 1000 (max. 500000)
 490 words of extra memory for PDF output out of 10000 (max. 10000000)

